Compiling "main.c"
Compiling "Utility.c"
noodle -I/mnt/aipro-nas/space-hdd/space/neuroTUM/trv32p3x/lib -I/mnt/aipro-nas/space-hdd/space/neuroTUM/trv32p3x/lib/isg -I/mnt/aipro-nas/space-hdd/space/neuroTUM/trv32p3x/lib/runtime/include -DCHESS_CXX_ATTRIBUTES -D__tct_patch__=100 -itrv32p3x_chess.h +Sal +Sca +Osps -Wflla +NOtc +NOcse +NOlsw +NOifv +NOrle +Ofiwt +NOrlt +wDebug/chesswork src/Utility.c +Q0=+Sal,+Sca,+Osps,-Wflla,+NOtc,+NOcse,+NOlsw,+NOifv,+NOrle,+Ofiwt,+NOrlt +Q1=+NOcsp,+NOrlt trv32p3x
Notice: source level debugging options used
Error in "src/Utility.c", line 31, column 48: no match for `getOffset(unsigned, char, const char [7])', furthest match failed at 3rd argument of type `const char [7]'
Error in "src/Utility.c", line 37, column 14: no match for `getOffset(unsigned, char, const char [7])', furthest match failed at 3rd argument of type `const char [7]'
Error in "src/Utility.c", line 41, column 26: no match for `getOffset(unsigned, char, const char [4])', furthest match failed at 3rd argument of type `const char [4]'
Error in "src/Utility.c", line 45, column 25: no match for `getOffset(unsigned, char, const char [4])', furthest match failed at 3rd argument of type `const char [4]'
Compiling "SNNconfig.c"
Compiling "Model.c"
noodle -I/mnt/aipro-nas/space-hdd/space/neuroTUM/trv32p3x/lib -I/mnt/aipro-nas/space-hdd/space/neuroTUM/trv32p3x/lib/isg -I/mnt/aipro-nas/space-hdd/space/neuroTUM/trv32p3x/lib/runtime/include -DCHESS_CXX_ATTRIBUTES -D__tct_patch__=100 -itrv32p3x_chess.h +Sal +Sca +Osps -Wflla +NOtc +NOcse +NOlsw +NOifv +NOrle +Ofiwt +NOrlt +wDebug/chesswork src/Model.c +Q0=+Sal,+Sca,+Osps,-Wflla,+NOtc,+NOcse,+NOlsw,+NOifv,+NOrle,+Ofiwt,+NOrlt +Q1=+NOcsp,+NOrlt trv32p3x
Notice: source level debugging options used
Error in "src/Model.c", line 48, column 26: no match for `getOffset(int, char, const char [4])', furthest match failed at 3rd argument of type `const char [4]'
Compiling "LIF.c"
Compiling "Linear.c"
chess-backend --gvt trv32p3x /mnt/aipro-nas/space-hdd/space/neuroTUM/trv32p3x/lib +H/mnt/aipro-nas/space-hdd/space/neuroTUM/trv32p3x/lib/elongation --tale -g -DCHESS_CXX_ATTRIBUTES -D__tct_patch__=100 -Vmain
chess-backend --gvt trv32p3x /mnt/aipro-nas/space-hdd/space/neuroTUM/trv32p3x/lib +H/mnt/aipro-nas/space-hdd/space/neuroTUM/trv32p3x/lib/elongation --tale -g -DCHESS_CXX_ATTRIBUTES -D__tct_patch__=100 -VSNNconfig
chess-backend LIF-clearLIF_ trv32p3x /mnt/aipro-nas/space-hdd/space/neuroTUM/trv32p3x/lib +H/mnt/aipro-nas/space-hdd/space/neuroTUM/trv32p3x/lib/elongation --print-subtools --print-progress --cosel -m +ef -L --amnesia +Osps --showcolor -e -b --mist2 -DCHESS_CXX_ATTRIBUTES -D__tct_patch__=100 +f +i -s +NOredundant-loads-loop-folding --tale -g -DCHESS_CXX_ATTRIBUTES -D__tct_patch__=100 -VLIF
--cosel -m +ef -L --common LIF-clearLIF_ trv32p3x /mnt/aipro-nas/space-hdd/space/neuroTUM/trv32p3x/lib +H/mnt/aipro-nas/space-hdd/space/neuroTUM/trv32p3x/lib/elongation
--amnesia +Osps --common LIF-clearLIF_ trv32p3x /mnt/aipro-nas/space-hdd/space/neuroTUM/trv32p3x/lib +H/mnt/aipro-nas/space-hdd/space/neuroTUM/trv32p3x/lib/elongation
--mist1 --common LIF-clearLIF_ trv32p3x /mnt/aipro-nas/space-hdd/space/neuroTUM/trv32p3x/lib +H/mnt/aipro-nas/space-hdd/space/neuroTUM/trv32p3x/lib/elongation
--showcolor -e -b --common LIF-clearLIF_ trv32p3x /mnt/aipro-nas/space-hdd/space/neuroTUM/trv32p3x/lib +H/mnt/aipro-nas/space-hdd/space/neuroTUM/trv32p3x/lib/elongation
--rover --common LIF-clearLIF_ trv32p3x /mnt/aipro-nas/space-hdd/space/neuroTUM/trv32p3x/lib +H/mnt/aipro-nas/space-hdd/space/neuroTUM/trv32p3x/lib/elongation
--mist2 -DCHESS_CXX_ATTRIBUTES -D__tct_patch__=100 +f +i -s +NOredundant-loads-loop-folding --common LIF-clearLIF_ trv32p3x /mnt/aipro-nas/space-hdd/space/neuroTUM/trv32p3x/lib +H/mnt/aipro-nas/space-hdd/space/neuroTUM/trv32p3x/lib/elongation
--tale -g -DCHESS_CXX_ATTRIBUTES -D__tct_patch__=100 -VLIF --common LIF-clearLIF_ trv32p3x /mnt/aipro-nas/space-hdd/space/neuroTUM/trv32p3x/lib +H/mnt/aipro-nas/space-hdd/space/neuroTUM/trv32p3x/lib/elongation
chess-backend LIF-computeOutput_ trv32p3x /mnt/aipro-nas/space-hdd/space/neuroTUM/trv32p3x/lib +H/mnt/aipro-nas/space-hdd/space/neuroTUM/trv32p3x/lib/elongation --print-subtools --print-progress --cosel -m +ef -L --amnesia +Osps --showcolor -e -b --mist2 -DCHESS_CXX_ATTRIBUTES -D__tct_patch__=100 +f +i -s +NOredundant-loads-loop-folding --tale -g -DCHESS_CXX_ATTRIBUTES -D__tct_patch__=100 -VLIF
--cosel -m +ef -L --common LIF-computeOutput_ trv32p3x /mnt/aipro-nas/space-hdd/space/neuroTUM/trv32p3x/lib +H/mnt/aipro-nas/space-hdd/space/neuroTUM/trv32p3x/lib/elongation
--amnesia +Osps --common LIF-computeOutput_ trv32p3x /mnt/aipro-nas/space-hdd/space/neuroTUM/trv32p3x/lib +H/mnt/aipro-nas/space-hdd/space/neuroTUM/trv32p3x/lib/elongation
--mist1 --common LIF-computeOutput_ trv32p3x /mnt/aipro-nas/space-hdd/space/neuroTUM/trv32p3x/lib +H/mnt/aipro-nas/space-hdd/space/neuroTUM/trv32p3x/lib/elongation
--showcolor -e -b --common LIF-computeOutput_ trv32p3x /mnt/aipro-nas/space-hdd/space/neuroTUM/trv32p3x/lib +H/mnt/aipro-nas/space-hdd/space/neuroTUM/trv32p3x/lib/elongation
--rover --common LIF-computeOutput_ trv32p3x /mnt/aipro-nas/space-hdd/space/neuroTUM/trv32p3x/lib +H/mnt/aipro-nas/space-hdd/space/neuroTUM/trv32p3x/lib/elongation
--mist2 -DCHESS_CXX_ATTRIBUTES -D__tct_patch__=100 +f +i -s +NOredundant-loads-loop-folding --common LIF-computeOutput_ trv32p3x /mnt/aipro-nas/space-hdd/space/neuroTUM/trv32p3x/lib +H/mnt/aipro-nas/space-hdd/space/neuroTUM/trv32p3x/lib/elongation
--tale -g -DCHESS_CXX_ATTRIBUTES -D__tct_patch__=100 -VLIF --common LIF-computeOutput_ trv32p3x /mnt/aipro-nas/space-hdd/space/neuroTUM/trv32p3x/lib +H/mnt/aipro-nas/space-hdd/space/neuroTUM/trv32p3x/lib/elongation
chess-backend LIF-initLIF_ trv32p3x /mnt/aipro-nas/space-hdd/space/neuroTUM/trv32p3x/lib +H/mnt/aipro-nas/space-hdd/space/neuroTUM/trv32p3x/lib/elongation --print-subtools --print-progress --cosel -m +ef -L --amnesia +Osps --showcolor -e -b --mist2 -DCHESS_CXX_ATTRIBUTES -D__tct_patch__=100 +f +i -s +NOredundant-loads-loop-folding --tale -g -DCHESS_CXX_ATTRIBUTES -D__tct_patch__=100 -VLIF
--cosel -m +ef -L --common LIF-initLIF_ trv32p3x /mnt/aipro-nas/space-hdd/space/neuroTUM/trv32p3x/lib +H/mnt/aipro-nas/space-hdd/space/neuroTUM/trv32p3x/lib/elongation
--amnesia +Osps --common LIF-initLIF_ trv32p3x /mnt/aipro-nas/space-hdd/space/neuroTUM/trv32p3x/lib +H/mnt/aipro-nas/space-hdd/space/neuroTUM/trv32p3x/lib/elongation
--mist1 --common LIF-initLIF_ trv32p3x /mnt/aipro-nas/space-hdd/space/neuroTUM/trv32p3x/lib +H/mnt/aipro-nas/space-hdd/space/neuroTUM/trv32p3x/lib/elongation
--showcolor -e -b --common LIF-initLIF_ trv32p3x /mnt/aipro-nas/space-hdd/space/neuroTUM/trv32p3x/lib +H/mnt/aipro-nas/space-hdd/space/neuroTUM/trv32p3x/lib/elongation
--rover --common LIF-initLIF_ trv32p3x /mnt/aipro-nas/space-hdd/space/neuroTUM/trv32p3x/lib +H/mnt/aipro-nas/space-hdd/space/neuroTUM/trv32p3x/lib/elongation
--mist2 -DCHESS_CXX_ATTRIBUTES -D__tct_patch__=100 +f +i -s +NOredundant-loads-loop-folding --common LIF-initLIF_ trv32p3x /mnt/aipro-nas/space-hdd/space/neuroTUM/trv32p3x/lib +H/mnt/aipro-nas/space-hdd/space/neuroTUM/trv32p3x/lib/elongation
--tale -g -DCHESS_CXX_ATTRIBUTES -D__tct_patch__=100 -VLIF --common LIF-initLIF_ trv32p3x /mnt/aipro-nas/space-hdd/space/neuroTUM/trv32p3x/lib +H/mnt/aipro-nas/space-hdd/space/neuroTUM/trv32p3x/lib/elongation
chess-backend --gvt trv32p3x /mnt/aipro-nas/space-hdd/space/neuroTUM/trv32p3x/lib +H/mnt/aipro-nas/space-hdd/space/neuroTUM/trv32p3x/lib/elongation --tale -g -DCHESS_CXX_ATTRIBUTES -D__tct_patch__=100 -VLIF
chess-backend Linear-clearLinear_ trv32p3x /mnt/aipro-nas/space-hdd/space/neuroTUM/trv32p3x/lib +H/mnt/aipro-nas/space-hdd/space/neuroTUM/trv32p3x/lib/elongation --print-subtools --print-progress --cosel -m +ef -L --amnesia +Osps --showcolor -e -b --mist2 -DCHESS_CXX_ATTRIBUTES -D__tct_patch__=100 +f +i -s +NOredundant-loads-loop-folding --tale -g -DCHESS_CXX_ATTRIBUTES -D__tct_patch__=100 -VLinear
--cosel -m +ef -L --common Linear-clearLinear_ trv32p3x /mnt/aipro-nas/space-hdd/space/neuroTUM/trv32p3x/lib +H/mnt/aipro-nas/space-hdd/space/neuroTUM/trv32p3x/lib/elongation
--amnesia +Osps --common Linear-clearLinear_ trv32p3x /mnt/aipro-nas/space-hdd/space/neuroTUM/trv32p3x/lib +H/mnt/aipro-nas/space-hdd/space/neuroTUM/trv32p3x/lib/elongation
--mist1 --common Linear-clearLinear_ trv32p3x /mnt/aipro-nas/space-hdd/space/neuroTUM/trv32p3x/lib +H/mnt/aipro-nas/space-hdd/space/neuroTUM/trv32p3x/lib/elongation
--showcolor -e -b --common Linear-clearLinear_ trv32p3x /mnt/aipro-nas/space-hdd/space/neuroTUM/trv32p3x/lib +H/mnt/aipro-nas/space-hdd/space/neuroTUM/trv32p3x/lib/elongation
--rover --common Linear-clearLinear_ trv32p3x /mnt/aipro-nas/space-hdd/space/neuroTUM/trv32p3x/lib +H/mnt/aipro-nas/space-hdd/space/neuroTUM/trv32p3x/lib/elongation
--mist2 -DCHESS_CXX_ATTRIBUTES -D__tct_patch__=100 +f +i -s +NOredundant-loads-loop-folding --common Linear-clearLinear_ trv32p3x /mnt/aipro-nas/space-hdd/space/neuroTUM/trv32p3x/lib +H/mnt/aipro-nas/space-hdd/space/neuroTUM/trv32p3x/lib/elongation
--tale -g -DCHESS_CXX_ATTRIBUTES -D__tct_patch__=100 -VLinear --common Linear-clearLinear_ trv32p3x /mnt/aipro-nas/space-hdd/space/neuroTUM/trv32p3x/lib +H/mnt/aipro-nas/space-hdd/space/neuroTUM/trv32p3x/lib/elongation
chess-backend Linear-initLinear_ trv32p3x /mnt/aipro-nas/space-hdd/space/neuroTUM/trv32p3x/lib +H/mnt/aipro-nas/space-hdd/space/neuroTUM/trv32p3x/lib/elongation --print-subtools --print-progress --cosel -m +ef -L --amnesia +Osps --showcolor -e -b --mist2 -DCHESS_CXX_ATTRIBUTES -D__tct_patch__=100 +f +i -s +NOredundant-loads-loop-folding --tale -g -DCHESS_CXX_ATTRIBUTES -D__tct_patch__=100 -VLinear
--cosel -m +ef -L --common Linear-initLinear_ trv32p3x /mnt/aipro-nas/space-hdd/space/neuroTUM/trv32p3x/lib +H/mnt/aipro-nas/space-hdd/space/neuroTUM/trv32p3x/lib/elongation
--amnesia +Osps --common Linear-initLinear_ trv32p3x /mnt/aipro-nas/space-hdd/space/neuroTUM/trv32p3x/lib +H/mnt/aipro-nas/space-hdd/space/neuroTUM/trv32p3x/lib/elongation
--mist1 --common Linear-initLinear_ trv32p3x /mnt/aipro-nas/space-hdd/space/neuroTUM/trv32p3x/lib +H/mnt/aipro-nas/space-hdd/space/neuroTUM/trv32p3x/lib/elongation
--showcolor -e -b --common Linear-initLinear_ trv32p3x /mnt/aipro-nas/space-hdd/space/neuroTUM/trv32p3x/lib +H/mnt/aipro-nas/space-hdd/space/neuroTUM/trv32p3x/lib/elongation
--rover --common Linear-initLinear_ trv32p3x /mnt/aipro-nas/space-hdd/space/neuroTUM/trv32p3x/lib +H/mnt/aipro-nas/space-hdd/space/neuroTUM/trv32p3x/lib/elongation
--mist2 -DCHESS_CXX_ATTRIBUTES -D__tct_patch__=100 +f +i -s +NOredundant-loads-loop-folding --common Linear-initLinear_ trv32p3x /mnt/aipro-nas/space-hdd/space/neuroTUM/trv32p3x/lib +H/mnt/aipro-nas/space-hdd/space/neuroTUM/trv32p3x/lib/elongation
--tale -g -DCHESS_CXX_ATTRIBUTES -D__tct_patch__=100 -VLinear --common Linear-initLinear_ trv32p3x /mnt/aipro-nas/space-hdd/space/neuroTUM/trv32p3x/lib +H/mnt/aipro-nas/space-hdd/space/neuroTUM/trv32p3x/lib/elongation
chess-backend --gvt trv32p3x /mnt/aipro-nas/space-hdd/space/neuroTUM/trv32p3x/lib +H/mnt/aipro-nas/space-hdd/space/neuroTUM/trv32p3x/lib/elongation --tale -g -DCHESS_CXX_ATTRIBUTES -D__tct_patch__=100 -VLinear
Compilation not finished (5 errors, 0 warnings)
